<?xml version="1.0" encoding="UTF-8"?>
<!-- Generated by org.testng.reporters.JUnitXMLReporter -->
<testsuite ignored="4" hostname="MSI" failures="0" tests="3" name="Test" time="40.954" errors="0" timestamp="2024-07-30T19:27:56 IST">
  <testcase classname="testcase_repo.Con_01" name="con_01" time="9.344"/>
  <testcase classname="testcase_repo.ORG_01" name="org01" time="7.261"/>
  <testcase classname="testcase_repo.LE_01" name="le01TC" time="9.984"/>
  <testcase classname="genricLibOrUtility.Baseclass" name="@BeforeSuite createDbConnection" time="0.0">
    <ignored/>
  </testcase> <!-- @BeforeSuite createDbConnection -->
  <testcase classname="genricLibOrUtility.Baseclass" name="@BeforeSuite createDbConnection" time="0.0">
    <ignored/>
  </testcase> <!-- @BeforeSuite createDbConnection -->
  <testcase classname="genricLibOrUtility.Baseclass" name="@AfterSuite closeDbCnnection" time="0.0">
    <ignored/>
  </testcase> <!-- @AfterSuite closeDbCnnection -->
  <testcase classname="genricLibOrUtility.Baseclass" name="@AfterSuite closeDbCnnection" time="0.0">
    <ignored/>
  </testcase> <!-- @AfterSuite closeDbCnnection -->
</testsuite> <!-- Test -->
